SF:lib/domain/model/chord.dart
DA:11,1
DA:13,1
DA:14,5
DA:17,0
DA:18,0
DA:19,0
DA:21,0
DA:25,1
DA:26,1
DA:27,2
DA:29,5
DA:31,1
DA:34,0
DA:36,0
DA:38,0
DA:42,1
DA:45,1
DA:46,3
DA:47,3
DA:48,3
DA:49,3
DA:51,0
DA:53,0
DA:56,0
DA:57,0
DA:58,0
DA:59,0
DA:60,0
DA:61,0
DA:64,0
DA:66,0
LF:31
LH:14
end_of_record
SF:lib/domain/model/note.dart
DA:4,3
DA:5,0
DA:11,1
DA:12,3
DA:15,3
DA:17,3
DA:20,0
DA:22,0
DA:25,1
DA:26,2
DA:29,1
DA:30,1
DA:32,2
DA:33,3
DA:34,2
DA:36,2
DA:42,1
DA:43,1
DA:44,3
DA:47,1
DA:48,1
DA:49,3
DA:52,1
DA:53,2
DA:56,1
DA:57,2
DA:60,1
DA:61,2
DA:64,1
DA:65,1
DA:66,3
DA:69,1
DA:70,3
DA:73,1
DA:74,3
DA:77,1
DA:78,1
DA:80,2
DA:89,1
DA:90,2
DA:91,0
DA:95,2
DA:96,2
DA:97,3
DA:99,1
DA:103,1
DA:104,4
DA:106,0
DA:110,3
DA:111,2
DA:113,2
DA:114,0
DA:118,4
DA:124,4
DA:128,1
DA:131,1
DA:132,3
DA:133,3
DA:136,0
DA:137,0
LF:60
LH:52
end_of_record
